<?xml version="1.0" encoding="UTF-8"?>
<testng-results ignored="0" total="1" passed="1" failed="0" skipped="0">
  <reporter-output>
  </reporter-output>
  <suite started-at="2022-05-26T17:44:06 CDT" name="regression" finished-at="2022-05-26T17:44:14 CDT" duration-ms="7945">
    <groups>
    </groups>
    <test started-at="2022-05-26T17:44:06 CDT" name="Login Test" finished-at="2022-05-26T17:44:14 CDT" duration-ms="7945">
      <class name="test.AddContactTest">
        <test-method signature="validUserShouldBeAbleToAddCustomer(java.lang.String,java.lang.String,java.lang.String,java.lang.String,java.lang.String,java.lang.String,java.lang.String,java.lang.String,java.lang.String,java.lang.String,java.lang.String,java.lang.String,java.lang.String,java.lang.String,java.lang.String,java.lang.String)[pri:0, instance:test.AddContactTest@770d3326]" started-at="2022-05-26T17:44:06 CDT" name="validUserShouldBeAbleToAddCustomer" finished-at="2022-05-26T17:44:14 CDT" duration-ms="7913" status="PASS">
          <params>
            <param index="0">
              <value>
                <![CDATA[demo@techfios.com]]>
              </value>
            </param>
            <param index="1">
              <value>
                <![CDATA[abc123]]>
              </value>
            </param>
            <param index="2">
              <value>
                <![CDATA[Xml Project]]>
              </value>
            </param>
            <param index="3">
              <value>
                <![CDATA[Techfios]]>
              </value>
            </param>
            <param index="4">
              <value>
                <![CDATA[Xml@gmail.com]]>
              </value>
            </param>
            <param index="5">
              <value>
                <![CDATA[1234567]]>
              </value>
            </param>
            <param index="6">
              <value>
                <![CDATA[Techfios Building]]>
              </value>
            </param>
            <param index="7">
              <value>
                <![CDATA[Carrolton]]>
              </value>
            </param>
            <param index="8">
              <value>
                <![CDATA[Texas]]>
              </value>
            </param>
            <param index="9">
              <value>
                <![CDATA[75065]]>
              </value>
            </param>
            <param index="10">
              <value>
                <![CDATA[United States]]>
              </value>
            </param>
            <param index="11">
              <value>
                <![CDATA[IT Training]]>
              </value>
            </param>
            <param index="12">
              <value>
                <![CDATA[USD]]>
              </value>
            </param>
            <param index="13">
              <value>
                <![CDATA[Selenium]]>
              </value>
            </param>
            <param index="14">
              <value>
                <![CDATA[abcd1234]]>
              </value>
            </param>
            <param index="15">
              <value>
                <![CDATA[abcd1234]]>
              </value>
            </param>
          </params>
          <reporter-output>
          </reporter-output>
        </test-method> <!-- validUserShouldBeAbleToAddCustomer -->
      </class> <!-- test.AddContactTest -->
    </test> <!-- Login Test -->
  </suite> <!-- regression -->
</testng-results>
